2017-01-20 10:21:35,032 [Worker-2] INFO  c.g.t.t.d.PublishedGradleVersions - Gradle version information cache is up-to-date. Trying to read.
2017-01-20 10:28:26,179 [Worker-1] INFO  c.g.t.t.d.PublishedGradleVersions - Gradle version information cache is up-to-date. Trying to read.
2017-01-20 10:32:09,691 [Worker-1] INFO  c.g.t.t.d.PublishedGradleVersions - Gradle version information cache is up-to-date. Trying to read.
2017-01-20 10:35:02,731 [Worker-8] INFO  o.e.m.c.i.l.LifecycleMappingFactory - Using org.maven.ide.eclipse.wtp.WarLifecycleMapping lifecycle mapping for MavenProject: com.niit:ni-rest:0.0.1-SNAPSHOT @ D:\project\SecondProject\ni-rest\pom.xml.
2017-01-20 10:35:02,907 [Worker-4] INFO  o.e.m.c.i.l.LifecycleMappingFactory - Using org.maven.ide.eclipse.wtp.WarLifecycleMapping lifecycle mapping for MavenProject: com.niit:ni-rest:0.0.1-SNAPSHOT @ D:\project\SecondProject\ni-rest\pom.xml.
2017-01-20 10:35:03,387 [Worker-4] WARN  o.e.m.c.i.embedder.EclipseLogger - The POM for com.niit:restexample-backend:jar:0.0.1-SNAPSHOT is missing, no dependency information available
2017-01-20 10:35:03,391 [Worker-8] WARN  o.e.m.c.i.embedder.EclipseLogger - The POM for com.niit:restexample-backend:jar:0.0.1-SNAPSHOT is missing, no dependency information available
2017-01-20 10:35:03,860 [Worker-8] WARN  o.e.m.c.i.embedder.EclipseLogger - The POM for com.niit:restexample-backend:jar:0.0.1-SNAPSHOT is missing, no dependency information available
2017-01-20 10:35:06,891 [Worker-8] WARN  o.e.m.c.i.embedder.EclipseLogger - Using platform encoding (Cp1252 actually) to copy filtered resources, i.e. build is platform dependent!
2017-01-20 10:35:06,902 [Worker-8] INFO  o.e.m.c.i.embedder.EclipseLogger - Copying 0 resource
2017-01-20 10:35:06,907 [Worker-8] WARN  o.e.m.c.i.embedder.EclipseLogger - Using platform encoding (Cp1252 actually) to copy filtered resources, i.e. build is platform dependent!
2017-01-20 10:35:06,909 [Worker-8] INFO  o.e.m.c.i.embedder.EclipseLogger - skip non existing resourceDirectory D:\project\SecondProject\ni-rest\src\test\resources
2017-01-20 10:35:07,381 [Worker-2] WARN  o.e.m.c.i.embedder.EclipseLogger - The POM for com.niit:restexample-backend:jar:0.0.1-SNAPSHOT is missing, no dependency information available
2017-01-20 10:35:07,427 [Worker-2] WARN  o.e.m.c.i.embedder.EclipseLogger - Using platform encoding (Cp1252 actually) to copy filtered resources, i.e. build is platform dependent!
2017-01-20 10:35:07,432 [Worker-2] INFO  o.e.m.c.i.embedder.EclipseLogger - Copying 0 resource
2017-01-20 10:35:07,435 [Worker-2] WARN  o.e.m.c.i.embedder.EclipseLogger - Using platform encoding (Cp1252 actually) to copy filtered resources, i.e. build is platform dependent!
2017-01-20 10:35:07,436 [Worker-2] INFO  o.e.m.c.i.embedder.EclipseLogger - skip non existing resourceDirectory D:\project\SecondProject\ni-rest\src\test\resources
2017-01-20 10:35:09,098 [Worker-2] INFO  o.e.m.c.i.l.LifecycleMappingFactory - Using org.eclipse.m2e.jdt.JarLifecycleMapping lifecycle mapping for MavenProject: com.niit:nibackend:0.0.1-SNAPSHOT @ D:\project\SecondProject\nibackend\pom.xml.
2017-01-20 10:35:09,105 [Worker-1] INFO  o.e.m.c.i.l.LifecycleMappingFactory - Using org.maven.ide.eclipse.wtp.WarLifecycleMapping lifecycle mapping for MavenProject: com.niit:ni-rest:0.0.1-SNAPSHOT @ D:\project\SecondProject\ni-rest\pom.xml.
2017-01-20 10:35:09,135 [Worker-1] WARN  o.e.m.c.i.embedder.EclipseLogger - The POM for com.niit:restexample-backend:jar:0.0.1-SNAPSHOT is missing, no dependency information available
2017-01-20 10:35:11,153 [Worker-2] INFO  o.e.m.c.i.embedder.EclipseLogger - Using 'UTF-8' encoding to copy filtered resources.
2017-01-20 10:35:11,153 [Worker-2] INFO  o.e.m.c.i.embedder.EclipseLogger - skip non existing resourceDirectory D:\project\SecondProject\nibackend\src\main\resources
2017-01-20 10:35:11,157 [Worker-2] INFO  o.e.m.c.i.embedder.EclipseLogger - Using 'UTF-8' encoding to copy filtered resources.
2017-01-20 10:35:11,157 [Worker-2] INFO  o.e.m.c.i.embedder.EclipseLogger - skip non existing resourceDirectory D:\project\SecondProject\nibackend\src\test\resources
2017-01-20 10:35:12,451 [Worker-4] INFO  o.e.m.c.i.l.LifecycleMappingFactory - Using org.maven.ide.eclipse.wtp.WarLifecycleMapping lifecycle mapping for MavenProject: com.niit:ni-rest:0.0.1-SNAPSHOT @ D:\project\SecondProject\ni-rest\pom.xml.
2017-01-20 10:35:12,496 [Worker-4] WARN  o.e.m.c.i.embedder.EclipseLogger - The POM for com.niit:restexample-backend:jar:0.0.1-SNAPSHOT is missing, no dependency information available
2017-01-20 10:35:12,630 [Worker-4] WARN  o.e.m.c.i.embedder.EclipseLogger - The POM for com.niit:restexample-backend:jar:0.0.1-SNAPSHOT is missing, no dependency information available
2017-01-20 10:35:13,725 [Worker-8] WARN  o.e.m.c.i.embedder.EclipseLogger - The POM for com.niit:restexample-backend:jar:0.0.1-SNAPSHOT is missing, no dependency information available
2017-01-20 10:35:13,803 [Worker-8] WARN  o.e.m.c.i.embedder.EclipseLogger - Using platform encoding (Cp1252 actually) to copy filtered resources, i.e. build is platform dependent!
2017-01-20 10:35:13,809 [Worker-8] INFO  o.e.m.c.i.embedder.EclipseLogger - Copying 0 resource
2017-01-20 10:35:13,812 [Worker-8] WARN  o.e.m.c.i.embedder.EclipseLogger - Using platform encoding (Cp1252 actually) to copy filtered resources, i.e. build is platform dependent!
2017-01-20 10:35:13,813 [Worker-8] INFO  o.e.m.c.i.embedder.EclipseLogger - skip non existing resourceDirectory D:\project\SecondProject\ni-rest\src\test\resources
2017-01-20 10:42:38,706 [Worker-2] WARN  o.e.m.c.i.embedder.EclipseLogger - Using platform encoding (Cp1252 actually) to copy filtered resources, i.e. build is platform dependent!
2017-01-20 10:42:38,707 [Worker-2] INFO  o.e.m.c.i.embedder.EclipseLogger - Copying 0 resource
2017-01-20 10:42:38,709 [Worker-2] WARN  o.e.m.c.i.embedder.EclipseLogger - Using platform encoding (Cp1252 actually) to copy filtered resources, i.e. build is platform dependent!
2017-01-20 10:42:38,712 [Worker-2] INFO  o.e.m.c.i.embedder.EclipseLogger - skip non existing resourceDirectory D:\project\SecondProject\ni-rest\src\test\resources
2017-01-20 10:42:38,979 [Worker-2] INFO  o.e.m.c.i.embedder.EclipseLogger - Using 'UTF-8' encoding to copy filtered resources.
2017-01-20 10:42:38,979 [Worker-2] INFO  o.e.m.c.i.embedder.EclipseLogger - skip non existing resourceDirectory D:\project\SecondProject\nibackend\src\main\resources
2017-01-20 10:42:38,982 [Worker-2] INFO  o.e.m.c.i.embedder.EclipseLogger - Using 'UTF-8' encoding to copy filtered resources.
2017-01-20 10:42:38,982 [Worker-2] INFO  o.e.m.c.i.embedder.EclipseLogger - skip non existing resourceDirectory D:\project\SecondProject\nibackend\src\test\resources
2017-01-20 10:43:48,894 [Worker-16] WARN  o.e.m.c.i.embedder.EclipseLogger - Using platform encoding (Cp1252 actually) to copy filtered resources, i.e. build is platform dependent!
2017-01-20 10:43:48,896 [Worker-16] INFO  o.e.m.c.i.embedder.EclipseLogger - Copying 0 resource
2017-01-20 10:43:48,898 [Worker-16] WARN  o.e.m.c.i.embedder.EclipseLogger - Using platform encoding (Cp1252 actually) to copy filtered resources, i.e. build is platform dependent!
2017-01-20 10:43:48,899 [Worker-16] INFO  o.e.m.c.i.embedder.EclipseLogger - skip non existing resourceDirectory D:\project\SecondProject\ni-rest\src\test\resources
2017-01-20 10:44:39,540 [Worker-12] WARN  o.e.m.c.i.embedder.EclipseLogger - Using platform encoding (Cp1252 actually) to copy filtered resources, i.e. build is platform dependent!
2017-01-20 10:44:39,541 [Worker-12] INFO  o.e.m.c.i.embedder.EclipseLogger - Copying 0 resource
2017-01-20 10:44:39,544 [Worker-12] WARN  o.e.m.c.i.embedder.EclipseLogger - Using platform encoding (Cp1252 actually) to copy filtered resources, i.e. build is platform dependent!
2017-01-20 10:44:39,545 [Worker-12] INFO  o.e.m.c.i.embedder.EclipseLogger - skip non existing resourceDirectory D:\project\SecondProject\ni-rest\src\test\resources
2017-01-20 10:48:20,785 [Worker-0] WARN  o.e.m.c.i.embedder.EclipseLogger - Using platform encoding (Cp1252 actually) to copy filtered resources, i.e. build is platform dependent!
2017-01-20 10:48:20,786 [Worker-0] INFO  o.e.m.c.i.embedder.EclipseLogger - Copying 0 resource
2017-01-20 10:48:20,788 [Worker-0] WARN  o.e.m.c.i.embedder.EclipseLogger - Using platform encoding (Cp1252 actually) to copy filtered resources, i.e. build is platform dependent!
2017-01-20 10:48:20,791 [Worker-0] INFO  o.e.m.c.i.embedder.EclipseLogger - skip non existing resourceDirectory D:\project\SecondProject\ni-rest\src\test\resources
2017-01-20 10:48:59,968 [Worker-13] WARN  o.e.m.c.i.embedder.EclipseLogger - Using platform encoding (Cp1252 actually) to copy filtered resources, i.e. build is platform dependent!
2017-01-20 10:48:59,973 [Worker-13] INFO  o.e.m.c.i.embedder.EclipseLogger - Copying 0 resource
2017-01-20 10:48:59,984 [Worker-13] WARN  o.e.m.c.i.embedder.EclipseLogger - Using platform encoding (Cp1252 actually) to copy filtered resources, i.e. build is platform dependent!
2017-01-20 10:48:59,985 [Worker-13] INFO  o.e.m.c.i.embedder.EclipseLogger - skip non existing resourceDirectory D:\project\SecondProject\ni-rest\src\test\resources
2017-01-20 10:50:25,502 [Worker-0] WARN  o.e.m.c.i.embedder.EclipseLogger - Using platform encoding (Cp1252 actually) to copy filtered resources, i.e. build is platform dependent!
2017-01-20 10:50:25,503 [Worker-0] INFO  o.e.m.c.i.embedder.EclipseLogger - Copying 0 resource
2017-01-20 10:50:25,505 [Worker-0] WARN  o.e.m.c.i.embedder.EclipseLogger - Using platform encoding (Cp1252 actually) to copy filtered resources, i.e. build is platform dependent!
2017-01-20 10:50:25,506 [Worker-0] INFO  o.e.m.c.i.embedder.EclipseLogger - skip non existing resourceDirectory D:\project\SecondProject\ni-rest\src\test\resources
2017-01-20 10:50:49,219 [Worker-4] WARN  o.e.m.c.i.embedder.EclipseLogger - Using platform encoding (Cp1252 actually) to copy filtered resources, i.e. build is platform dependent!
2017-01-20 10:50:49,221 [Worker-4] INFO  o.e.m.c.i.embedder.EclipseLogger - Copying 0 resource
2017-01-20 10:50:49,224 [Worker-4] WARN  o.e.m.c.i.embedder.EclipseLogger - Using platform encoding (Cp1252 actually) to copy filtered resources, i.e. build is platform dependent!
2017-01-20 10:50:49,225 [Worker-4] INFO  o.e.m.c.i.embedder.EclipseLogger - skip non existing resourceDirectory D:\project\SecondProject\ni-rest\src\test\resources
2017-01-20 10:53:27,162 [Worker-0] WARN  o.e.m.c.i.embedder.EclipseLogger - Using platform encoding (Cp1252 actually) to copy filtered resources, i.e. build is platform dependent!
2017-01-20 10:53:27,164 [Worker-0] INFO  o.e.m.c.i.embedder.EclipseLogger - Copying 0 resource
2017-01-20 10:53:27,166 [Worker-0] WARN  o.e.m.c.i.embedder.EclipseLogger - Using platform encoding (Cp1252 actually) to copy filtered resources, i.e. build is platform dependent!
2017-01-20 10:53:27,167 [Worker-0] INFO  o.e.m.c.i.embedder.EclipseLogger - skip non existing resourceDirectory D:\project\SecondProject\ni-rest\src\test\resources
2017-01-20 11:42:55,583 [Worker-19] WARN  o.e.m.c.i.embedder.EclipseLogger - Using platform encoding (Cp1252 actually) to copy filtered resources, i.e. build is platform dependent!
2017-01-20 11:42:55,598 [Worker-19] INFO  o.e.m.c.i.embedder.EclipseLogger - Copying 0 resource
2017-01-20 11:42:55,601 [Worker-19] WARN  o.e.m.c.i.embedder.EclipseLogger - Using platform encoding (Cp1252 actually) to copy filtered resources, i.e. build is platform dependent!
2017-01-20 11:42:55,602 [Worker-19] INFO  o.e.m.c.i.embedder.EclipseLogger - skip non existing resourceDirectory D:\project\SecondProject\ni-rest\src\test\resources
2017-01-20 12:15:39,683 [Worker-32] INFO  o.e.m.c.i.p.ProjectConfigurationManager - Collecting project info '/pom.xml' D:\project\SecondProject\restexample-backend\pom.xml
2017-01-20 12:15:40,086 [Worker-32] INFO  o.e.m.c.i.l.LifecycleMappingFactory - Using org.eclipse.m2e.jdt.JarLifecycleMapping lifecycle mapping for MavenProject: com.niit:restexample-backend:0.0.1-SNAPSHOT @ D:\project\SecondProject\restexample-backend\pom.xml.
2017-01-20 12:15:40,155 [Worker-32] INFO  o.e.m.c.i.l.LifecycleMappingFactory - Using org.maven.ide.eclipse.wtp.WarLifecycleMapping lifecycle mapping for MavenProject: com.niit:ni-rest:0.0.1-SNAPSHOT @ D:\project\SecondProject\ni-rest\pom.xml.
2017-01-20 12:15:40,551 [Worker-32] ERROR o.e.m.c.i.p.ProjectConfigurationManager - restexample-backend does not exist
org.eclipse.jdt.core.JavaModelException: restexample-backend does not exist
	at org.eclipse.jdt.internal.core.JavaElement.newNotPresentException(JavaElement.java:556) ~[na:na]
	at org.eclipse.jdt.internal.core.JavaModelManager.getPerProjectInfoCheckExistence(JavaModelManager.java:2378) ~[na:na]
	at org.eclipse.jdt.internal.core.JavaProject.getPerProjectInfo(JavaProject.java:1909) ~[na:na]
	at org.eclipse.jdt.internal.core.JavaProject.getRawClasspath(JavaProject.java:1931) ~[na:na]
	at org.eclipse.m2e.wtp.AbstractProjectConfiguratorDelegate.checkJavaConfiguration(AbstractProjectConfiguratorDelegate.java:197) ~[na:na]
	at org.eclipse.m2e.wtp.AbstractProjectConfiguratorDelegate.configureWtpUtil(AbstractProjectConfiguratorDelegate.java:137) ~[na:na]
	at org.eclipse.m2e.wtp.AbstractProjectConfiguratorDelegate.preConfigureDependencyProject(AbstractProjectConfiguratorDelegate.java:272) ~[na:na]
	at org.eclipse.m2e.wtp.WebProjectConfiguratorDelegate.setModuleDependencies(WebProjectConfiguratorDelegate.java:249) ~[na:na]
	at org.eclipse.m2e.wtp.WTPProjectConfigurator.mavenProjectChanged(WTPProjectConfigurator.java:92) ~[na:na]
	at org.eclipse.m2e.core.internal.project.ProjectConfigurationManager.mavenProjectChanged(ProjectConfigurationManager.java:1000) [org.eclipse.m2e.core_1.7.0.20160603-1933.jar:na]
	at org.eclipse.m2e.core.internal.project.registry.ProjectRegistryManager.notifyProjectChangeListeners(ProjectRegistryManager.java:783) [org.eclipse.m2e.core_1.7.0.20160603-1933.jar:na]
	at org.eclipse.m2e.core.internal.project.registry.ProjectRegistryManager.applyMutableProjectRegistry(ProjectRegistryManager.java:930) [org.eclipse.m2e.core_1.7.0.20160603-1933.jar:na]
	at org.eclipse.m2e.core.internal.project.registry.ProjectRegistryManager.refresh(ProjectRegistryManager.java:300) [org.eclipse.m2e.core_1.7.0.20160603-1933.jar:na]
	at org.eclipse.m2e.core.internal.project.ProjectConfigurationManager.configureNewMavenProjects(ProjectConfigurationManager.java:252) [org.eclipse.m2e.core_1.7.0.20160603-1933.jar:na]
	at org.eclipse.m2e.core.internal.project.ProjectConfigurationManager$1.call(ProjectConfigurationManager.java:168) [org.eclipse.m2e.core_1.7.0.20160603-1933.jar:na]
	at org.eclipse.m2e.core.internal.project.ProjectConfigurationManager$1.call(ProjectConfigurationManager.java:1) [org.eclipse.m2e.core_1.7.0.20160603-1933.jar:na]
	at org.eclipse.m2e.core.internal.embedder.MavenExecutionContext.executeBare(MavenExecutionContext.java:176) [org.eclipse.m2e.core_1.7.0.20160603-1933.jar:na]
	at org.eclipse.m2e.core.internal.embedder.MavenExecutionContext.execute(MavenExecutionContext.java:112) [org.eclipse.m2e.core_1.7.0.20160603-1933.jar:na]
	at org.eclipse.m2e.core.internal.embedder.MavenExecutionContext.execute(MavenExecutionContext.java:99) [org.eclipse.m2e.core_1.7.0.20160603-1933.jar:na]
	at org.eclipse.m2e.core.internal.embedder.MavenImpl.execute(MavenImpl.java:1355) [org.eclipse.m2e.core_1.7.0.20160603-1933.jar:na]
	at org.eclipse.m2e.core.internal.project.ProjectConfigurationManager.importProjects(ProjectConfigurationManager.java:136) [org.eclipse.m2e.core_1.7.0.20160603-1933.jar:na]
	at org.eclipse.m2e.core.internal.project.ProjectConfigurationManager.createArchetypeProjects0(ProjectConfigurationManager.java:830) [org.eclipse.m2e.core_1.7.0.20160603-1933.jar:na]
	at org.eclipse.m2e.core.internal.project.ProjectConfigurationManager$5.call(ProjectConfigurationManager.java:760) [org.eclipse.m2e.core_1.7.0.20160603-1933.jar:na]
	at org.eclipse.m2e.core.internal.project.ProjectConfigurationManager$5.call(ProjectConfigurationManager.java:1) [org.eclipse.m2e.core_1.7.0.20160603-1933.jar:na]
	at org.eclipse.m2e.core.internal.embedder.MavenExecutionContext.executeBare(MavenExecutionContext.java:176) [org.eclipse.m2e.core_1.7.0.20160603-1933.jar:na]
	at org.eclipse.m2e.core.internal.embedder.MavenExecutionContext.execute(MavenExecutionContext.java:151) [org.eclipse.m2e.core_1.7.0.20160603-1933.jar:na]
	at org.eclipse.m2e.core.internal.embedder.MavenExecutionContext.execute(MavenExecutionContext.java:99) [org.eclipse.m2e.core_1.7.0.20160603-1933.jar:na]
	at org.eclipse.m2e.core.internal.embedder.MavenImpl.execute(MavenImpl.java:1355) [org.eclipse.m2e.core_1.7.0.20160603-1933.jar:na]
	at org.eclipse.m2e.core.internal.project.ProjectConfigurationManager.createArchetypeProjects(ProjectConfigurationManager.java:758) [org.eclipse.m2e.core_1.7.0.20160603-1933.jar:na]
	at org.eclipse.m2e.core.ui.internal.wizards.MavenProjectWizard$5.doCreateMavenProjects(MavenProjectWizard.java:243) [org.eclipse.m2e.core.ui_1.7.0.20160603-1933.jar:na]
	at org.eclipse.m2e.core.ui.internal.wizards.AbstractCreateMavenProjectJob$1.doCreateMavenProjects(AbstractCreateMavenProjectJob.java:50) [org.eclipse.m2e.core.ui_1.7.0.20160603-1933.jar:na]
	at org.eclipse.m2e.core.ui.internal.wizards.AbstractCreateMavenProjectsOperation.run(AbstractCreateMavenProjectsOperation.java:62) [org.eclipse.m2e.core.ui_1.7.0.20160603-1933.jar:na]
	at org.eclipse.m2e.core.ui.internal.wizards.AbstractCreateMavenProjectJob.runInWorkspace(AbstractCreateMavenProjectJob.java:54) [org.eclipse.m2e.core.ui_1.7.0.20160603-1933.jar:na]
	at org.eclipse.core.internal.resources.InternalWorkspaceJob.run(InternalWorkspaceJob.java:39) [org.eclipse.core.resources_3.11.0.v20160503-1608.jar:na]
	at org.eclipse.core.internal.jobs.Worker.run(Worker.java:55) [org.eclipse.core.jobs_3.8.0.v20160509-0411.jar:na]
2017-01-20 12:15:41,010 [Worker-32] INFO  o.e.m.j.i.AbstractJavaProjectConfigurator - Adding source folder /restexample-backend/src/main/java
2017-01-20 12:15:41,015 [Worker-32] INFO  o.e.m.j.i.AbstractJavaProjectConfigurator - Adding source folder /restexample-backend/src/test/java
2017-01-20 12:15:41,176 [Worker-32] INFO  o.e.m.c.i.p.ProjectConfigurationManager - Imported and configured 1 project(s) in 1 sec
2017-01-20 12:15:41,719 [Worker-36] INFO  o.e.m.c.i.embedder.EclipseLogger - Using 'UTF-8' encoding to copy filtered resources.
2017-01-20 12:15:41,720 [Worker-36] INFO  o.e.m.c.i.embedder.EclipseLogger - skip non existing resourceDirectory D:\project\SecondProject\restexample-backend\src\main\resources
2017-01-20 12:15:41,722 [Worker-36] INFO  o.e.m.c.i.embedder.EclipseLogger - Using 'UTF-8' encoding to copy filtered resources.
2017-01-20 12:15:41,722 [Worker-36] INFO  o.e.m.c.i.embedder.EclipseLogger - skip non existing resourceDirectory D:\project\SecondProject\restexample-backend\src\test\resources
2017-01-20 12:15:41,991 [Worker-36] WARN  o.e.m.c.i.embedder.EclipseLogger - Using platform encoding (Cp1252 actually) to copy filtered resources, i.e. build is platform dependent!
2017-01-20 12:15:42,025 [Worker-36] INFO  o.e.m.c.i.embedder.EclipseLogger - Copying 0 resource
2017-01-20 12:15:42,028 [Worker-36] WARN  o.e.m.c.i.embedder.EclipseLogger - Using platform encoding (Cp1252 actually) to copy filtered resources, i.e. build is platform dependent!
2017-01-20 12:15:42,029 [Worker-36] INFO  o.e.m.c.i.embedder.EclipseLogger - skip non existing resourceDirectory D:\project\SecondProject\ni-rest\src\test\resources
2017-01-20 12:17:53,869 [Worker-37] INFO  o.e.m.c.i.embedder.EclipseLogger - Using 'UTF-8' encoding to copy filtered resources.
2017-01-20 12:17:53,869 [Worker-37] INFO  o.e.m.c.i.embedder.EclipseLogger - skip non existing resourceDirectory D:\project\SecondProject\nibackend\src\main\resources
2017-01-20 12:17:53,873 [Worker-37] INFO  o.e.m.c.i.embedder.EclipseLogger - Using 'UTF-8' encoding to copy filtered resources.
2017-01-20 12:17:53,873 [Worker-37] INFO  o.e.m.c.i.embedder.EclipseLogger - skip non existing resourceDirectory D:\project\SecondProject\nibackend\src\test\resources
2017-01-20 12:17:56,063 [Worker-35] INFO  o.e.m.c.i.embedder.EclipseLogger - Using 'UTF-8' encoding to copy filtered resources.
2017-01-20 12:17:56,063 [Worker-35] INFO  o.e.m.c.i.embedder.EclipseLogger - skip non existing resourceDirectory D:\project\SecondProject\restexample-backend\src\main\resources
2017-01-20 12:17:56,067 [Worker-35] INFO  o.e.m.c.i.embedder.EclipseLogger - Using 'UTF-8' encoding to copy filtered resources.
2017-01-20 12:17:56,068 [Worker-35] INFO  o.e.m.c.i.embedder.EclipseLogger - skip non existing resourceDirectory D:\project\SecondProject\restexample-backend\src\test\resources
